<?xml version="1.0" encoding="UTF-8"?>
<!-- Generated by org.testng.reporters.JUnitReportReporter -->
<testsuite hostname="TCSs-Mac-mini.local" failures="0" tests="3" name="com.test.flipkart.OrderItem" time="14.649" errors="0" timestamp="2020-03-04T20:20:30 IST" skipped="0">
  <testcase classname="com.test.flipkart.OrderItem" name="grantLocation" time="3.352"/>
  <system-out/>
  <testcase classname="com.test.flipkart.OrderItem" name="searchItem" time="10.587"/>
  <system-out/>
  <testcase classname="com.test.flipkart.OrderItem" name="openFlipkart" time="0.710"/>
  <system-out/>
</testsuite> <!-- com.test.flipkart.OrderItem -->
