<?xml version="1.0" encoding="UTF-8"?>
<!-- Generated by org.testng.reporters.JUnitReportReporter -->
<testsuite hostname="TCSs-Mac-mini.local" failures="0" tests="3" name="com.test.flipkart.OrderItem" time="14.921" errors="0" timestamp="2020-03-05T15:41:28 IST" skipped="0">
  <testcase classname="com.test.flipkart.OrderItem" name="grantLocation" time="3.572"/>
  <system-out/>
  <testcase classname="com.test.flipkart.OrderItem" name="searchItem" time="10.628"/>
  <system-out/>
  <testcase classname="com.test.flipkart.OrderItem" name="openFlipkart" time="0.721"/>
  <system-out/>
</testsuite> <!-- com.test.flipkart.OrderItem -->
